[2023-10-10 01:09:49] local.ERROR: View [contact] not found. {"exception":"[object] (InvalidArgumentException(code: 0): View [contact] not found. at /var/www/html/kurikulumProgrammerPontekindo/Laravel/MyApp/vendor/laravel/framework/src/Illuminate/View/FileViewFinder.php:137)
[stacktrace]
#0 /var/www/html/kurikulumProgrammerPontekindo/Laravel/MyApp/vendor/laravel/framework/src/Illuminate/View/FileViewFinder.php(79): Illuminate\\View\\FileViewFinder->findInPaths()
#1 /var/www/html/kurikulumProgrammerPontekindo/Laravel/MyApp/vendor/laravel/framework/src/Illuminate/View/Factory.php(137): Illuminate\\View\\FileViewFinder->find()
#2 /var/www/html/kurikulumProgrammerPontekindo/Laravel/MyApp/vendor/laravel/framework/src/Illuminate/Foundation/helpers.php(1020): Illuminate\\View\\Factory->make()
#3 /var/www/html/kurikulumProgrammerPontekindo/Laravel/MyApp/routes/web.php(39): view()
#4 /var/www/html/kurikulumProgrammerPontekindo/Laravel/MyApp/vendor/laravel/framework/src/Illuminate/Routing/CallableDispatcher.php(40): Illuminate\\Routing\\RouteFileRegistrar->{closure}()
#5 /var/www/html/kurikulumProgrammerPontekindo/Laravel/MyApp/vendor/laravel/framework/src/Illuminate/Routing/Route.php(237): Illuminate\\Routing\\CallableDispatcher->dispatch()
#6 /var/www/html/kurikulumProgrammerPontekindo/Laravel/MyApp/vendor/laravel/framework/src/Illuminate/Routing/Route.php(208): Illuminate\\Routing\\Route->runCallable()
#7 /var/www/html/kurikulumProgrammerPontekindo/Laravel/MyApp/vendor/laravel/framework/src/Illuminate/Routing/Router.php(799): Illuminate\\Routing\\Route->run()
#8 /var/www/html/kurikulumProgrammerPontekindo/Laravel/MyApp/vendor/laravel/framework/src/Illuminate/Pipeline/Pipeline.php(141): Illuminate\\Routing\\Router->Illuminate\\Routing\\{closure}()
#9 /var/www/html/kurikulumProgrammerPontekindo/Laravel/MyApp/vendor/laravel/framework/src/Illuminate/Routing/Middleware/SubstituteBindings.php(50): Illuminate\\Pipeline\\Pipeline->Illuminate\\Pipeline\\{closure}()
#10 /var/www/html/kurikulumProgrammerPontekindo/Laravel/MyApp/vendor/laravel/framework/src/Illuminate/Pipeline/Pipeline.php(180): Illuminate\\Routing\\Middleware\\SubstituteBindings->handle()
#11 /var/www/html/kurikulumProgrammerPontekindo/Laravel/MyApp/vendor/laravel/framework/src/Illuminate/Foundation/Http/Middleware/VerifyCsrfToken.php(78): Illuminate\\Pipeline\\Pipeline->Illuminate\\Pipeline\\{closure}()
#12 /var/www/html/kurikulumProgrammerPontekindo/Laravel/MyApp/vendor/laravel/framework/src/Illuminate/Pipeline/Pipeline.php(180): Illuminate\\Foundation\\Http\\Middleware\\VerifyCsrfToken->handle()
#13 /var/www/html/kurikulumProgrammerPontekindo/Laravel/MyApp/vendor/laravel/framework/src/Illuminate/View/Middleware/ShareErrorsFromSession.php(49): Illuminate\\Pipeline\\Pipeline->Illuminate\\Pipeline\\{closure}()
#14 /var/www/html/kurikulumProgrammerPontekindo/Laravel/MyApp/vendor/laravel/framework/src/Illuminate/Pipeline/Pipeline.php(180): Illuminate\\View\\Middleware\\ShareErrorsFromSession->handle()
#15 /var/www/html/kurikulumProgrammerPontekindo/Laravel/MyApp/vendor/laravel/framework/src/Illuminate/Session/Middleware/StartSession.php(121): Illuminate\\Pipeline\\Pipeline->Illuminate\\Pipeline\\{closure}()
#16 /var/www/html/kurikulumProgrammerPontekindo/Laravel/MyApp/vendor/laravel/framework/src/Illuminate/Session/Middleware/StartSession.php(64): Illuminate\\Session\\Middleware\\StartSession->handleStatefulRequest()
#17 /var/www/html/kurikulumProgrammerPontekindo/Laravel/MyApp/vendor/laravel/framework/src/Illuminate/Pipeline/Pipeline.php(180): Illuminate\\Session\\Middleware\\StartSession->handle()
#18 /var/www/html/kurikulumProgrammerPontekindo/Laravel/MyApp/vendor/laravel/framework/src/Illuminate/Cookie/Middleware/AddQueuedCookiesToResponse.php(37): Illuminate\\Pipeline\\Pipeline->Illuminate\\Pipeline\\{closure}()
#19 /var/www/html/kurikulumProgrammerPontekindo/Laravel/MyApp/vendor/laravel/framework/src/Illuminate/Pipeline/Pipeline.php(180): Illuminate\\Cookie\\Middleware\\AddQueuedCookiesToResponse->handle()
#20 /var/www/html/kurikulumProgrammerPontekindo/Laravel/MyApp/vendor/laravel/framework/src/Illuminate/Cookie/Middleware/EncryptCookies.php(67): Illuminate\\Pipeline\\Pipeline->Illuminate\\Pipeline\\{closure}()
#21 /var/www/html/kurikulumProgrammerPontekindo/Laravel/MyApp/vendor/laravel/framework/src/Illuminate/Pipeline/Pipeline.php(180): Illuminate\\Cookie\\Middleware\\EncryptCookies->handle()
#22 /var/www/html/kurikulumProgrammerPontekindo/Laravel/MyApp/vendor/laravel/framework/src/Illuminate/Pipeline/Pipeline.php(116): Illuminate\\Pipeline\\Pipeline->Illuminate\\Pipeline\\{closure}()
#23 /var/www/html/kurikulumProgrammerPontekindo/Laravel/MyApp/vendor/laravel/framework/src/Illuminate/Routing/Router.php(798): Illuminate\\Pipeline\\Pipeline->then()
#24 /var/www/html/kurikulumProgrammerPontekindo/Laravel/MyApp/vendor/laravel/framework/src/Illuminate/Routing/Router.php(777): Illuminate\\Routing\\Router->runRouteWithinStack()
#25 /var/www/html/kurikulumProgrammerPontekindo/Laravel/MyApp/vendor/laravel/framework/src/Illuminate/Routing/Router.php(741): Illuminate\\Routing\\Router->runRoute()
#26 /var/www/html/kurikulumProgrammerPontekindo/Laravel/MyApp/vendor/laravel/framework/src/Illuminate/Routing/Router.php(730): Illuminate\\Routing\\Router->dispatchToRoute()
#27 /var/www/html/kurikulumProgrammerPontekindo/Laravel/MyApp/vendor/laravel/framework/src/Illuminate/Foundation/Http/Kernel.php(200): Illuminate\\Routing\\Router->dispatch()
#28 /var/www/html/kurikulumProgrammerPontekindo/Laravel/MyApp/vendor/laravel/framework/src/Illuminate/Pipeline/Pipeline.php(141): Illuminate\\Foundation\\Http\\Kernel->Illuminate\\Foundation\\Http\\{closure}()
#29 /var/www/html/kurikulumProgrammerPontekindo/Laravel/MyApp/vendor/laravel/framework/src/Illuminate/Foundation/Http/Middleware/TransformsRequest.php(21): Illuminate\\Pipeline\\Pipeline->Illuminate\\Pipeline\\{closure}()
#30 /var/www/html/kurikulumProgrammerPontekindo/Laravel/MyApp/vendor/laravel/framework/src/Illuminate/Foundation/Http/Middleware/ConvertEmptyStringsToNull.php(31): Illuminate\\Foundation\\Http\\Middleware\\TransformsRequest->handle()
#31 /var/www/html/kurikulumProgrammerPontekindo/Laravel/MyApp/vendor/laravel/framework/src/Illuminate/Pipeline/Pipeline.php(180): Illuminate\\Foundation\\Http\\Middleware\\ConvertEmptyStringsToNull->handle()
#32 /var/www/html/kurikulumProgrammerPontekindo/Laravel/MyApp/vendor/laravel/framework/src/Illuminate/Foundation/Http/Middleware/TransformsRequest.php(21): Illuminate\\Pipeline\\Pipeline->Illuminate\\Pipeline\\{closure}()
#33 /var/www/html/kurikulumProgrammerPontekindo/Laravel/MyApp/vendor/laravel/framework/src/Illuminate/Foundation/Http/Middleware/TrimStrings.php(40): Illuminate\\Foundation\\Http\\Middleware\\TransformsRequest->handle()
#34 /var/www/html/kurikulumProgrammerPontekindo/Laravel/MyApp/vendor/laravel/framework/src/Illuminate/Pipeline/Pipeline.php(180): Illuminate\\Foundation\\Http\\Middleware\\TrimStrings->handle()
#35 /var/www/html/kurikulumProgrammerPontekindo/Laravel/MyApp/vendor/laravel/framework/src/Illuminate/Foundation/Http/Middleware/ValidatePostSize.php(27): Illuminate\\Pipeline\\Pipeline->Illuminate\\Pipeline\\{closure}()
#36 /var/www/html/kurikulumProgrammerPontekindo/Laravel/MyApp/vendor/laravel/framework/src/Illuminate/Pipeline/Pipeline.php(180): Illuminate\\Foundation\\Http\\Middleware\\ValidatePostSize->handle()
#37 /var/www/html/kurikulumProgrammerPontekindo/Laravel/MyApp/vendor/laravel/framework/src/Illuminate/Foundation/Http/Middleware/PreventRequestsDuringMaintenance.php(99): Illuminate\\Pipeline\\Pipeline->Illuminate\\Pipeline\\{closure}()
#38 /var/www/html/kurikulumProgrammerPontekindo/Laravel/MyApp/vendor/laravel/framework/src/Illuminate/Pipeline/Pipeline.php(180): Illuminate\\Foundation\\Http\\Middleware\\PreventRequestsDuringMaintenance->handle()
#39 /var/www/html/kurikulumProgrammerPontekindo/Laravel/MyApp/vendor/laravel/framework/src/Illuminate/Http/Middleware/HandleCors.php(49): Illuminate\\Pipeline\\Pipeline->Illuminate\\Pipeline\\{closure}()
#40 /var/www/html/kurikulumProgrammerPontekindo/Laravel/MyApp/vendor/laravel/framework/src/Illuminate/Pipeline/Pipeline.php(180): Illuminate\\Http\\Middleware\\HandleCors->handle()
#41 /var/www/html/kurikulumProgrammerPontekindo/Laravel/MyApp/vendor/laravel/framework/src/Illuminate/Http/Middleware/TrustProxies.php(39): Illuminate\\Pipeline\\Pipeline->Illuminate\\Pipeline\\{closure}()
#42 /var/www/html/kurikulumProgrammerPontekindo/Laravel/MyApp/vendor/laravel/framework/src/Illuminate/Pipeline/Pipeline.php(180): Illuminate\\Http\\Middleware\\TrustProxies->handle()
#43 /var/www/html/kurikulumProgrammerPontekindo/Laravel/MyApp/vendor/laravel/framework/src/Illuminate/Pipeline/Pipeline.php(116): Illuminate\\Pipeline\\Pipeline->Illuminate\\Pipeline\\{closure}()
#44 /var/www/html/kurikulumProgrammerPontekindo/Laravel/MyApp/vendor/laravel/framework/src/Illuminate/Foundation/Http/Kernel.php(175): Illuminate\\Pipeline\\Pipeline->then()
#45 /var/www/html/kurikulumProgrammerPontekindo/Laravel/MyApp/vendor/laravel/framework/src/Illuminate/Foundation/Http/Kernel.php(144): Illuminate\\Foundation\\Http\\Kernel->sendRequestThroughRouter()
#46 /var/www/html/kurikulumProgrammerPontekindo/Laravel/MyApp/public/index.php(51): Illuminate\\Foundation\\Http\\Kernel->handle()
#47 /var/www/html/kurikulumProgrammerPontekindo/Laravel/MyApp/vendor/laravel/framework/src/Illuminate/Foundation/resources/server.php(16): require_once('...')
#48 {main}
"} 
[2023-10-10 10:17:46] local.ERROR: Undefined variable $name {"view":{"view":"/var/www/html/kurikulumProgrammerPontekindo/Laravel/MyApp-CaraFajar/resources/views/contact.blade.php","data":[]},"exception":"[object] (Spatie\\LaravelIgnition\\Exceptions\\ViewException(code: 0): Undefined variable $name at /var/www/html/kurikulumProgrammerPontekindo/Laravel/MyApp-CaraFajar/resources/views/contact.blade.php:10)
[stacktrace]
#0 /var/www/html/kurikulumProgrammerPontekindo/Laravel/MyApp-CaraFajar/vendor/laravel/framework/src/Illuminate/Foundation/Bootstrap/HandleExceptions.php(254): Illuminate\\Foundation\\Bootstrap\\HandleExceptions->handleError()
#1 /var/www/html/kurikulumProgrammerPontekindo/Laravel/MyApp-CaraFajar/resources/views/contact.blade.php(10): Illuminate\\Foundation\\Bootstrap\\HandleExceptions->Illuminate\\Foundation\\Bootstrap\\{closure}()
#2 /var/www/html/kurikulumProgrammerPontekindo/Laravel/MyApp-CaraFajar/vendor/laravel/framework/src/Illuminate/Filesystem/Filesystem.php(124): require('...')
#3 /var/www/html/kurikulumProgrammerPontekindo/Laravel/MyApp-CaraFajar/vendor/laravel/framework/src/Illuminate/Filesystem/Filesystem.php(125): Illuminate\\Filesystem\\Filesystem::Illuminate\\Filesystem\\{closure}()
#4 /var/www/html/kurikulumProgrammerPontekindo/Laravel/MyApp-CaraFajar/vendor/laravel/framework/src/Illuminate/View/Engines/PhpEngine.php(58): Illuminate\\Filesystem\\Filesystem->getRequire()
#5 /var/www/html/kurikulumProgrammerPontekindo/Laravel/MyApp-CaraFajar/vendor/laravel/framework/src/Illuminate/View/Engines/CompilerEngine.php(72): Illuminate\\View\\Engines\\PhpEngine->evaluatePath()
#6 /var/www/html/kurikulumProgrammerPontekindo/Laravel/MyApp-CaraFajar/vendor/laravel/framework/src/Illuminate/View/View.php(195): Illuminate\\View\\Engines\\CompilerEngine->get()
#7 /var/www/html/kurikulumProgrammerPontekindo/Laravel/MyApp-CaraFajar/vendor/laravel/framework/src/Illuminate/View/View.php(178): Illuminate\\View\\View->getContents()
#8 /var/www/html/kurikulumProgrammerPontekindo/Laravel/MyApp-CaraFajar/vendor/laravel/framework/src/Illuminate/View/View.php(147): Illuminate\\View\\View->renderContents()
#9 /var/www/html/kurikulumProgrammerPontekindo/Laravel/MyApp-CaraFajar/vendor/laravel/framework/src/Illuminate/Http/Response.php(69): Illuminate\\View\\View->render()
#10 /var/www/html/kurikulumProgrammerPontekindo/Laravel/MyApp-CaraFajar/vendor/laravel/framework/src/Illuminate/Http/Response.php(35): Illuminate\\Http\\Response->setContent()
#11 /var/www/html/kurikulumProgrammerPontekindo/Laravel/MyApp-CaraFajar/vendor/laravel/framework/src/Illuminate/Routing/ResponseFactory.php(57): Illuminate\\Http\\Response->__construct()
#12 /var/www/html/kurikulumProgrammerPontekindo/Laravel/MyApp-CaraFajar/vendor/laravel/framework/src/Illuminate/Routing/ResponseFactory.php(87): Illuminate\\Routing\\ResponseFactory->make()
#13 /var/www/html/kurikulumProgrammerPontekindo/Laravel/MyApp-CaraFajar/vendor/laravel/framework/src/Illuminate/Routing/ViewController.php(41): Illuminate\\Routing\\ResponseFactory->view()
#14 /var/www/html/kurikulumProgrammerPontekindo/Laravel/MyApp-CaraFajar/vendor/laravel/framework/src/Illuminate/Routing/ViewController.php(58): Illuminate\\Routing\\ViewController->__invoke()
#15 /var/www/html/kurikulumProgrammerPontekindo/Laravel/MyApp-CaraFajar/vendor/laravel/framework/src/Illuminate/Routing/ControllerDispatcher.php(43): Illuminate\\Routing\\ViewController->callAction()
#16 /var/www/html/kurikulumProgrammerPontekindo/Laravel/MyApp-CaraFajar/vendor/laravel/framework/src/Illuminate/Routing/Route.php(259): Illuminate\\Routing\\ControllerDispatcher->dispatch()
#17 /var/www/html/kurikulumProgrammerPontekindo/Laravel/MyApp-CaraFajar/vendor/laravel/framework/src/Illuminate/Routing/Route.php(205): Illuminate\\Routing\\Route->runController()
#18 /var/www/html/kurikulumProgrammerPontekindo/Laravel/MyApp-CaraFajar/vendor/laravel/framework/src/Illuminate/Routing/Router.php(799): Illuminate\\Routing\\Route->run()
#19 /var/www/html/kurikulumProgrammerPontekindo/Laravel/MyApp-CaraFajar/vendor/laravel/framework/src/Illuminate/Pipeline/Pipeline.php(141): Illuminate\\Routing\\Router->Illuminate\\Routing\\{closure}()
#20 /var/www/html/kurikulumProgrammerPontekindo/Laravel/MyApp-CaraFajar/vendor/laravel/framework/src/Illuminate/Routing/Middleware/SubstituteBindings.php(50): Illuminate\\Pipeline\\Pipeline->Illuminate\\Pipeline\\{closure}()
#21 /var/www/html/kurikulumProgrammerPontekindo/Laravel/MyApp-CaraFajar/vendor/laravel/framework/src/Illuminate/Pipeline/Pipeline.php(180): Illuminate\\Routing\\Middleware\\SubstituteBindings->handle()
#22 /var/www/html/kurikulumProgrammerPontekindo/Laravel/MyApp-CaraFajar/vendor/laravel/framework/src/Illuminate/Foundation/Http/Middleware/VerifyCsrfToken.php(78): Illuminate\\Pipeline\\Pipeline->Illuminate\\Pipeline\\{closure}()
#23 /var/www/html/kurikulumProgrammerPontekindo/Laravel/MyApp-CaraFajar/vendor/laravel/framework/src/Illuminate/Pipeline/Pipeline.php(180): Illuminate\\Foundation\\Http\\Middleware\\VerifyCsrfToken->handle()
#24 /var/www/html/kurikulumProgrammerPontekindo/Laravel/MyApp-CaraFajar/vendor/laravel/framework/src/Illuminate/View/Middleware/ShareErrorsFromSession.php(49): Illuminate\\Pipeline\\Pipeline->Illuminate\\Pipeline\\{closure}()
#25 /var/www/html/kurikulumProgrammerPontekindo/Laravel/MyApp-CaraFajar/vendor/laravel/framework/src/Illuminate/Pipeline/Pipeline.php(180): Illuminate\\View\\Middleware\\ShareErrorsFromSession->handle()
#26 /var/www/html/kurikulumProgrammerPontekindo/Laravel/MyApp-CaraFajar/vendor/laravel/framework/src/Illuminate/Session/Middleware/StartSession.php(121): Illuminate\\Pipeline\\Pipeline->Illuminate\\Pipeline\\{closure}()
#27 /var/www/html/kurikulumProgrammerPontekindo/Laravel/MyApp-CaraFajar/vendor/laravel/framework/src/Illuminate/Session/Middleware/StartSession.php(64): Illuminate\\Session\\Middleware\\StartSession->handleStatefulRequest()
#28 /var/www/html/kurikulumProgrammerPontekindo/Laravel/MyApp-CaraFajar/vendor/laravel/framework/src/Illuminate/Pipeline/Pipeline.php(180): Illuminate\\Session\\Middleware\\StartSession->handle()
#29 /var/www/html/kurikulumProgrammerPontekindo/Laravel/MyApp-CaraFajar/vendor/laravel/framework/src/Illuminate/Cookie/Middleware/AddQueuedCookiesToResponse.php(37): Illuminate\\Pipeline\\Pipeline->Illuminate\\Pipeline\\{closure}()
#30 /var/www/html/kurikulumProgrammerPontekindo/Laravel/MyApp-CaraFajar/vendor/laravel/framework/src/Illuminate/Pipeline/Pipeline.php(180): Illuminate\\Cookie\\Middleware\\AddQueuedCookiesToResponse->handle()
#31 /var/www/html/kurikulumProgrammerPontekindo/Laravel/MyApp-CaraFajar/vendor/laravel/framework/src/Illuminate/Cookie/Middleware/EncryptCookies.php(67): Illuminate\\Pipeline\\Pipeline->Illuminate\\Pipeline\\{closure}()
#32 /var/www/html/kurikulumProgrammerPontekindo/Laravel/MyApp-CaraFajar/vendor/laravel/framework/src/Illuminate/Pipeline/Pipeline.php(180): Illuminate\\Cookie\\Middleware\\EncryptCookies->handle()
#33 /var/www/html/kurikulumProgrammerPontekindo/Laravel/MyApp-CaraFajar/vendor/laravel/framework/src/Illuminate/Pipeline/Pipeline.php(116): Illuminate\\Pipeline\\Pipeline->Illuminate\\Pipeline\\{closure}()
#34 /var/www/html/kurikulumProgrammerPontekindo/Laravel/MyApp-CaraFajar/vendor/laravel/framework/src/Illuminate/Routing/Router.php(798): Illuminate\\Pipeline\\Pipeline->then()
#35 /var/www/html/kurikulumProgrammerPontekindo/Laravel/MyApp-CaraFajar/vendor/laravel/framework/src/Illuminate/Routing/Router.php(777): Illuminate\\Routing\\Router->runRouteWithinStack()
#36 /var/www/html/kurikulumProgrammerPontekindo/Laravel/MyApp-CaraFajar/vendor/laravel/framework/src/Illuminate/Routing/Router.php(741): Illuminate\\Routing\\Router->runRoute()
#37 /var/www/html/kurikulumProgrammerPontekindo/Laravel/MyApp-CaraFajar/vendor/laravel/framework/src/Illuminate/Routing/Router.php(730): Illuminate\\Routing\\Router->dispatchToRoute()
#38 /var/www/html/kurikulumProgrammerPontekindo/Laravel/MyApp-CaraFajar/vendor/laravel/framework/src/Illuminate/Foundation/Http/Kernel.php(200): Illuminate\\Routing\\Router->dispatch()
#39 /var/www/html/kurikulumProgrammerPontekindo/Laravel/MyApp-CaraFajar/vendor/laravel/framework/src/Illuminate/Pipeline/Pipeline.php(141): Illuminate\\Foundation\\Http\\Kernel->Illuminate\\Foundation\\Http\\{closure}()
#40 /var/www/html/kurikulumProgrammerPontekindo/Laravel/MyApp-CaraFajar/vendor/laravel/framework/src/Illuminate/Foundation/Http/Middleware/TransformsRequest.php(21): Illuminate\\Pipeline\\Pipeline->Illuminate\\Pipeline\\{closure}()
#41 /var/www/html/kurikulumProgrammerPontekindo/Laravel/MyApp-CaraFajar/vendor/laravel/framework/src/Illuminate/Foundation/Http/Middleware/ConvertEmptyStringsToNull.php(31): Illuminate\\Foundation\\Http\\Middleware\\TransformsRequest->handle()
#42 /var/www/html/kurikulumProgrammerPontekindo/Laravel/MyApp-CaraFajar/vendor/laravel/framework/src/Illuminate/Pipeline/Pipeline.php(180): Illuminate\\Foundation\\Http\\Middleware\\ConvertEmptyStringsToNull->handle()
#43 /var/www/html/kurikulumProgrammerPontekindo/Laravel/MyApp-CaraFajar/vendor/laravel/framework/src/Illuminate/Foundation/Http/Middleware/TransformsRequest.php(21): Illuminate\\Pipeline\\Pipeline->Illuminate\\Pipeline\\{closure}()
#44 /var/www/html/kurikulumProgrammerPontekindo/Laravel/MyApp-CaraFajar/vendor/laravel/framework/src/Illuminate/Foundation/Http/Middleware/TrimStrings.php(40): Illuminate\\Foundation\\Http\\Middleware\\TransformsRequest->handle()
#45 /var/www/html/kurikulumProgrammerPontekindo/Laravel/MyApp-CaraFajar/vendor/laravel/framework/src/Illuminate/Pipeline/Pipeline.php(180): Illuminate\\Foundation\\Http\\Middleware\\TrimStrings->handle()
#46 /var/www/html/kurikulumProgrammerPontekindo/Laravel/MyApp-CaraFajar/vendor/laravel/framework/src/Illuminate/Foundation/Http/Middleware/ValidatePostSize.php(27): Illuminate\\Pipeline\\Pipeline->Illuminate\\Pipeline\\{closure}()
#47 /var/www/html/kurikulumProgrammerPontekindo/Laravel/MyApp-CaraFajar/vendor/laravel/framework/src/Illuminate/Pipeline/Pipeline.php(180): Illuminate\\Foundation\\Http\\Middleware\\ValidatePostSize->handle()
#48 /var/www/html/kurikulumProgrammerPontekindo/Laravel/MyApp-CaraFajar/vendor/laravel/framework/src/Illuminate/Foundation/Http/Middleware/PreventRequestsDuringMaintenance.php(99): Illuminate\\Pipeline\\Pipeline->Illuminate\\Pipeline\\{closure}()
#49 /var/www/html/kurikulumProgrammerPontekindo/Laravel/MyApp-CaraFajar/vendor/laravel/framework/src/Illuminate/Pipeline/Pipeline.php(180): Illuminate\\Foundation\\Http\\Middleware\\PreventRequestsDuringMaintenance->handle()
#50 /var/www/html/kurikulumProgrammerPontekindo/Laravel/MyApp-CaraFajar/vendor/laravel/framework/src/Illuminate/Http/Middleware/HandleCors.php(49): Illuminate\\Pipeline\\Pipeline->Illuminate\\Pipeline\\{closure}()
#51 /var/www/html/kurikulumProgrammerPontekindo/Laravel/MyApp-CaraFajar/vendor/laravel/framework/src/Illuminate/Pipeline/Pipeline.php(180): Illuminate\\Http\\Middleware\\HandleCors->handle()
#52 /var/www/html/kurikulumProgrammerPontekindo/Laravel/MyApp-CaraFajar/vendor/laravel/framework/src/Illuminate/Http/Middleware/TrustProxies.php(39): Illuminate\\Pipeline\\Pipeline->Illuminate\\Pipeline\\{closure}()
#53 /var/www/html/kurikulumProgrammerPontekindo/Laravel/MyApp-CaraFajar/vendor/laravel/framework/src/Illuminate/Pipeline/Pipeline.php(180): Illuminate\\Http\\Middleware\\TrustProxies->handle()
#54 /var/www/html/kurikulumProgrammerPontekindo/Laravel/MyApp-CaraFajar/vendor/laravel/framework/src/Illuminate/Pipeline/Pipeline.php(116): Illuminate\\Pipeline\\Pipeline->Illuminate\\Pipeline\\{closure}()
#55 /var/www/html/kurikulumProgrammerPontekindo/Laravel/MyApp-CaraFajar/vendor/laravel/framework/src/Illuminate/Foundation/Http/Kernel.php(175): Illuminate\\Pipeline\\Pipeline->then()
#56 /var/www/html/kurikulumProgrammerPontekindo/Laravel/MyApp-CaraFajar/vendor/laravel/framework/src/Illuminate/Foundation/Http/Kernel.php(144): Illuminate\\Foundation\\Http\\Kernel->sendRequestThroughRouter()
#57 /var/www/html/kurikulumProgrammerPontekindo/Laravel/MyApp-CaraFajar/public/index.php(51): Illuminate\\Foundation\\Http\\Kernel->handle()
#58 /var/www/html/kurikulumProgrammerPontekindo/Laravel/MyApp-CaraFajar/vendor/laravel/framework/src/Illuminate/Foundation/resources/server.php(16): require_once('...')
#59 {main}

[previous exception] [object] (ErrorException(code: 0): Undefined variable $name at /var/www/html/kurikulumProgrammerPontekindo/Laravel/MyApp-CaraFajar/storage/framework/views/96e985b5219fa78ea06bc3252b9b6820.php:10)
[stacktrace]
#0 /var/www/html/kurikulumProgrammerPontekindo/Laravel/MyApp-CaraFajar/vendor/laravel/framework/src/Illuminate/Foundation/Bootstrap/HandleExceptions.php(254): Illuminate\\Foundation\\Bootstrap\\HandleExceptions->handleError()
#1 /var/www/html/kurikulumProgrammerPontekindo/Laravel/MyApp-CaraFajar/storage/framework/views/96e985b5219fa78ea06bc3252b9b6820.php(10): Illuminate\\Foundation\\Bootstrap\\HandleExceptions->Illuminate\\Foundation\\Bootstrap\\{closure}()
#2 /var/www/html/kurikulumProgrammerPontekindo/Laravel/MyApp-CaraFajar/vendor/laravel/framework/src/Illuminate/Filesystem/Filesystem.php(124): require('...')
#3 /var/www/html/kurikulumProgrammerPontekindo/Laravel/MyApp-CaraFajar/vendor/laravel/framework/src/Illuminate/Filesystem/Filesystem.php(125): Illuminate\\Filesystem\\Filesystem::Illuminate\\Filesystem\\{closure}()
#4 /var/www/html/kurikulumProgrammerPontekindo/Laravel/MyApp-CaraFajar/vendor/laravel/framework/src/Illuminate/View/Engines/PhpEngine.php(58): Illuminate\\Filesystem\\Filesystem->getRequire()
#5 /var/www/html/kurikulumProgrammerPontekindo/Laravel/MyApp-CaraFajar/vendor/laravel/framework/src/Illuminate/View/Engines/CompilerEngine.php(72): Illuminate\\View\\Engines\\PhpEngine->evaluatePath()
#6 /var/www/html/kurikulumProgrammerPontekindo/Laravel/MyApp-CaraFajar/vendor/laravel/framework/src/Illuminate/View/View.php(195): Illuminate\\View\\Engines\\CompilerEngine->get()
#7 /var/www/html/kurikulumProgrammerPontekindo/Laravel/MyApp-CaraFajar/vendor/laravel/framework/src/Illuminate/View/View.php(178): Illuminate\\View\\View->getContents()
#8 /var/www/html/kurikulumProgrammerPontekindo/Laravel/MyApp-CaraFajar/vendor/laravel/framework/src/Illuminate/View/View.php(147): Illuminate\\View\\View->renderContents()
#9 /var/www/html/kurikulumProgrammerPontekindo/Laravel/MyApp-CaraFajar/vendor/laravel/framework/src/Illuminate/Http/Response.php(69): Illuminate\\View\\View->render()
#10 /var/www/html/kurikulumProgrammerPontekindo/Laravel/MyApp-CaraFajar/vendor/laravel/framework/src/Illuminate/Http/Response.php(35): Illuminate\\Http\\Response->setContent()
#11 /var/www/html/kurikulumProgrammerPontekindo/Laravel/MyApp-CaraFajar/vendor/laravel/framework/src/Illuminate/Routing/ResponseFactory.php(57): Illuminate\\Http\\Response->__construct()
#12 /var/www/html/kurikulumProgrammerPontekindo/Laravel/MyApp-CaraFajar/vendor/laravel/framework/src/Illuminate/Routing/ResponseFactory.php(87): Illuminate\\Routing\\ResponseFactory->make()
#13 /var/www/html/kurikulumProgrammerPontekindo/Laravel/MyApp-CaraFajar/vendor/laravel/framework/src/Illuminate/Routing/ViewController.php(41): Illuminate\\Routing\\ResponseFactory->view()
#14 /var/www/html/kurikulumProgrammerPontekindo/Laravel/MyApp-CaraFajar/vendor/laravel/framework/src/Illuminate/Routing/ViewController.php(58): Illuminate\\Routing\\ViewController->__invoke()
#15 /var/www/html/kurikulumProgrammerPontekindo/Laravel/MyApp-CaraFajar/vendor/laravel/framework/src/Illuminate/Routing/ControllerDispatcher.php(43): Illuminate\\Routing\\ViewController->callAction()
#16 /var/www/html/kurikulumProgrammerPontekindo/Laravel/MyApp-CaraFajar/vendor/laravel/framework/src/Illuminate/Routing/Route.php(259): Illuminate\\Routing\\ControllerDispatcher->dispatch()
#17 /var/www/html/kurikulumProgrammerPontekindo/Laravel/MyApp-CaraFajar/vendor/laravel/framework/src/Illuminate/Routing/Route.php(205): Illuminate\\Routing\\Route->runController()
#18 /var/www/html/kurikulumProgrammerPontekindo/Laravel/MyApp-CaraFajar/vendor/laravel/framework/src/Illuminate/Routing/Router.php(799): Illuminate\\Routing\\Route->run()
#19 /var/www/html/kurikulumProgrammerPontekindo/Laravel/MyApp-CaraFajar/vendor/laravel/framework/src/Illuminate/Pipeline/Pipeline.php(141): Illuminate\\Routing\\Router->Illuminate\\Routing\\{closure}()
#20 /var/www/html/kurikulumProgrammerPontekindo/Laravel/MyApp-CaraFajar/vendor/laravel/framework/src/Illuminate/Routing/Middleware/SubstituteBindings.php(50): Illuminate\\Pipeline\\Pipeline->Illuminate\\Pipeline\\{closure}()
#21 /var/www/html/kurikulumProgrammerPontekindo/Laravel/MyApp-CaraFajar/vendor/laravel/framework/src/Illuminate/Pipeline/Pipeline.php(180): Illuminate\\Routing\\Middleware\\SubstituteBindings->handle()
#22 /var/www/html/kurikulumProgrammerPontekindo/Laravel/MyApp-CaraFajar/vendor/laravel/framework/src/Illuminate/Foundation/Http/Middleware/VerifyCsrfToken.php(78): Illuminate\\Pipeline\\Pipeline->Illuminate\\Pipeline\\{closure}()
#23 /var/www/html/kurikulumProgrammerPontekindo/Laravel/MyApp-CaraFajar/vendor/laravel/framework/src/Illuminate/Pipeline/Pipeline.php(180): Illuminate\\Foundation\\Http\\Middleware\\VerifyCsrfToken->handle()
#24 /var/www/html/kurikulumProgrammerPontekindo/Laravel/MyApp-CaraFajar/vendor/laravel/framework/src/Illuminate/View/Middleware/ShareErrorsFromSession.php(49): Illuminate\\Pipeline\\Pipeline->Illuminate\\Pipeline\\{closure}()
#25 /var/www/html/kurikulumProgrammerPontekindo/Laravel/MyApp-CaraFajar/vendor/laravel/framework/src/Illuminate/Pipeline/Pipeline.php(180): Illuminate\\View\\Middleware\\ShareErrorsFromSession->handle()
#26 /var/www/html/kurikulumProgrammerPontekindo/Laravel/MyApp-CaraFajar/vendor/laravel/framework/src/Illuminate/Session/Middleware/StartSession.php(121): Illuminate\\Pipeline\\Pipeline->Illuminate\\Pipeline\\{closure}()
#27 /var/www/html/kurikulumProgrammerPontekindo/Laravel/MyApp-CaraFajar/vendor/laravel/framework/src/Illuminate/Session/Middleware/StartSession.php(64): Illuminate\\Session\\Middleware\\StartSession->handleStatefulRequest()
#28 /var/www/html/kurikulumProgrammerPontekindo/Laravel/MyApp-CaraFajar/vendor/laravel/framework/src/Illuminate/Pipeline/Pipeline.php(180): Illuminate\\Session\\Middleware\\StartSession->handle()
#29 /var/www/html/kurikulumProgrammerPontekindo/Laravel/MyApp-CaraFajar/vendor/laravel/framework/src/Illuminate/Cookie/Middleware/AddQueuedCookiesToResponse.php(37): Illuminate\\Pipeline\\Pipeline->Illuminate\\Pipeline\\{closure}()
#30 /var/www/html/kurikulumProgrammerPontekindo/Laravel/MyApp-CaraFajar/vendor/laravel/framework/src/Illuminate/Pipeline/Pipeline.php(180): Illuminate\\Cookie\\Middleware\\AddQueuedCookiesToResponse->handle()
#31 /var/www/html/kurikulumProgrammerPontekindo/Laravel/MyApp-CaraFajar/vendor/laravel/framework/src/Illuminate/Cookie/Middleware/EncryptCookies.php(67): Illuminate\\Pipeline\\Pipeline->Illuminate\\Pipeline\\{closure}()
#32 /var/www/html/kurikulumProgrammerPontekindo/Laravel/MyApp-CaraFajar/vendor/laravel/framework/src/Illuminate/Pipeline/Pipeline.php(180): Illuminate\\Cookie\\Middleware\\EncryptCookies->handle()
#33 /var/www/html/kurikulumProgrammerPontekindo/Laravel/MyApp-CaraFajar/vendor/laravel/framework/src/Illuminate/Pipeline/Pipeline.php(116): Illuminate\\Pipeline\\Pipeline->Illuminate\\Pipeline\\{closure}()
#34 /var/www/html/kurikulumProgrammerPontekindo/Laravel/MyApp-CaraFajar/vendor/laravel/framework/src/Illuminate/Routing/Router.php(798): Illuminate\\Pipeline\\Pipeline->then()
#35 /var/www/html/kurikulumProgrammerPontekindo/Laravel/MyApp-CaraFajar/vendor/laravel/framework/src/Illuminate/Routing/Router.php(777): Illuminate\\Routing\\Router->runRouteWithinStack()
#36 /var/www/html/kurikulumProgrammerPontekindo/Laravel/MyApp-CaraFajar/vendor/laravel/framework/src/Illuminate/Routing/Router.php(741): Illuminate\\Routing\\Router->runRoute()
#37 /var/www/html/kurikulumProgrammerPontekindo/Laravel/MyApp-CaraFajar/vendor/laravel/framework/src/Illuminate/Routing/Router.php(730): Illuminate\\Routing\\Router->dispatchToRoute()
#38 /var/www/html/kurikulumProgrammerPontekindo/Laravel/MyApp-CaraFajar/vendor/laravel/framework/src/Illuminate/Foundation/Http/Kernel.php(200): Illuminate\\Routing\\Router->dispatch()
#39 /var/www/html/kurikulumProgrammerPontekindo/Laravel/MyApp-CaraFajar/vendor/laravel/framework/src/Illuminate/Pipeline/Pipeline.php(141): Illuminate\\Foundation\\Http\\Kernel->Illuminate\\Foundation\\Http\\{closure}()
#40 /var/www/html/kurikulumProgrammerPontekindo/Laravel/MyApp-CaraFajar/vendor/laravel/framework/src/Illuminate/Foundation/Http/Middleware/TransformsRequest.php(21): Illuminate\\Pipeline\\Pipeline->Illuminate\\Pipeline\\{closure}()
#41 /var/www/html/kurikulumProgrammerPontekindo/Laravel/MyApp-CaraFajar/vendor/laravel/framework/src/Illuminate/Foundation/Http/Middleware/ConvertEmptyStringsToNull.php(31): Illuminate\\Foundation\\Http\\Middleware\\TransformsRequest->handle()
#42 /var/www/html/kurikulumProgrammerPontekindo/Laravel/MyApp-CaraFajar/vendor/laravel/framework/src/Illuminate/Pipeline/Pipeline.php(180): Illuminate\\Foundation\\Http\\Middleware\\ConvertEmptyStringsToNull->handle()
#43 /var/www/html/kurikulumProgrammerPontekindo/Laravel/MyApp-CaraFajar/vendor/laravel/framework/src/Illuminate/Foundation/Http/Middleware/TransformsRequest.php(21): Illuminate\\Pipeline\\Pipeline->Illuminate\\Pipeline\\{closure}()
#44 /var/www/html/kurikulumProgrammerPontekindo/Laravel/MyApp-CaraFajar/vendor/laravel/framework/src/Illuminate/Foundation/Http/Middleware/TrimStrings.php(40): Illuminate\\Foundation\\Http\\Middleware\\TransformsRequest->handle()
#45 /var/www/html/kurikulumProgrammerPontekindo/Laravel/MyApp-CaraFajar/vendor/laravel/framework/src/Illuminate/Pipeline/Pipeline.php(180): Illuminate\\Foundation\\Http\\Middleware\\TrimStrings->handle()
#46 /var/www/html/kurikulumProgrammerPontekindo/Laravel/MyApp-CaraFajar/vendor/laravel/framework/src/Illuminate/Foundation/Http/Middleware/ValidatePostSize.php(27): Illuminate\\Pipeline\\Pipeline->Illuminate\\Pipeline\\{closure}()
#47 /var/www/html/kurikulumProgrammerPontekindo/Laravel/MyApp-CaraFajar/vendor/laravel/framework/src/Illuminate/Pipeline/Pipeline.php(180): Illuminate\\Foundation\\Http\\Middleware\\ValidatePostSize->handle()
#48 /var/www/html/kurikulumProgrammerPontekindo/Laravel/MyApp-CaraFajar/vendor/laravel/framework/src/Illuminate/Foundation/Http/Middleware/PreventRequestsDuringMaintenance.php(99): Illuminate\\Pipeline\\Pipeline->Illuminate\\Pipeline\\{closure}()
#49 /var/www/html/kurikulumProgrammerPontekindo/Laravel/MyApp-CaraFajar/vendor/laravel/framework/src/Illuminate/Pipeline/Pipeline.php(180): Illuminate\\Foundation\\Http\\Middleware\\PreventRequestsDuringMaintenance->handle()
#50 /var/www/html/kurikulumProgrammerPontekindo/Laravel/MyApp-CaraFajar/vendor/laravel/framework/src/Illuminate/Http/Middleware/HandleCors.php(49): Illuminate\\Pipeline\\Pipeline->Illuminate\\Pipeline\\{closure}()
#51 /var/www/html/kurikulumProgrammerPontekindo/Laravel/MyApp-CaraFajar/vendor/laravel/framework/src/Illuminate/Pipeline/Pipeline.php(180): Illuminate\\Http\\Middleware\\HandleCors->handle()
#52 /var/www/html/kurikulumProgrammerPontekindo/Laravel/MyApp-CaraFajar/vendor/laravel/framework/src/Illuminate/Http/Middleware/TrustProxies.php(39): Illuminate\\Pipeline\\Pipeline->Illuminate\\Pipeline\\{closure}()
#53 /var/www/html/kurikulumProgrammerPontekindo/Laravel/MyApp-CaraFajar/vendor/laravel/framework/src/Illuminate/Pipeline/Pipeline.php(180): Illuminate\\Http\\Middleware\\TrustProxies->handle()
#54 /var/www/html/kurikulumProgrammerPontekindo/Laravel/MyApp-CaraFajar/vendor/laravel/framework/src/Illuminate/Pipeline/Pipeline.php(116): Illuminate\\Pipeline\\Pipeline->Illuminate\\Pipeline\\{closure}()
#55 /var/www/html/kurikulumProgrammerPontekindo/Laravel/MyApp-CaraFajar/vendor/laravel/framework/src/Illuminate/Foundation/Http/Kernel.php(175): Illuminate\\Pipeline\\Pipeline->then()
#56 /var/www/html/kurikulumProgrammerPontekindo/Laravel/MyApp-CaraFajar/vendor/laravel/framework/src/Illuminate/Foundation/Http/Kernel.php(144): Illuminate\\Foundation\\Http\\Kernel->sendRequestThroughRouter()
#57 /var/www/html/kurikulumProgrammerPontekindo/Laravel/MyApp-CaraFajar/public/index.php(51): Illuminate\\Foundation\\Http\\Kernel->handle()
#58 /var/www/html/kurikulumProgrammerPontekindo/Laravel/MyApp-CaraFajar/vendor/laravel/framework/src/Illuminate/Foundation/resources/server.php(16): require_once('...')
#59 {main}
"} 
[2023-10-10 23:48:52] local.ERROR: Undefined variable $name {"view":{"view":"/var/www/html/kurikulumProgrammerPontekindo/Laravel/MyApp-CaraFajar/resources/views/contact.blade.php","data":[]},"exception":"[object] (Spatie\\LaravelIgnition\\Exceptions\\ViewException(code: 0): Undefined variable $name at /var/www/html/kurikulumProgrammerPontekindo/Laravel/MyApp-CaraFajar/resources/views/contact.blade.php:10)
[stacktrace]
#0 /var/www/html/kurikulumProgrammerPontekindo/Laravel/MyApp-CaraFajar/vendor/laravel/framework/src/Illuminate/Foundation/Bootstrap/HandleExceptions.php(254): Illuminate\\Foundation\\Bootstrap\\HandleExceptions->handleError()
#1 /var/www/html/kurikulumProgrammerPontekindo/Laravel/MyApp-CaraFajar/resources/views/contact.blade.php(10): Illuminate\\Foundation\\Bootstrap\\HandleExceptions->Illuminate\\Foundation\\Bootstrap\\{closure}()
#2 /var/www/html/kurikulumProgrammerPontekindo/Laravel/MyApp-CaraFajar/vendor/laravel/framework/src/Illuminate/Filesystem/Filesystem.php(124): require('...')
#3 /var/www/html/kurikulumProgrammerPontekindo/Laravel/MyApp-CaraFajar/vendor/laravel/framework/src/Illuminate/Filesystem/Filesystem.php(125): Illuminate\\Filesystem\\Filesystem::Illuminate\\Filesystem\\{closure}()
#4 /var/www/html/kurikulumProgrammerPontekindo/Laravel/MyApp-CaraFajar/vendor/laravel/framework/src/Illuminate/View/Engines/PhpEngine.php(58): Illuminate\\Filesystem\\Filesystem->getRequire()
#5 /var/www/html/kurikulumProgrammerPontekindo/Laravel/MyApp-CaraFajar/vendor/laravel/framework/src/Illuminate/View/Engines/CompilerEngine.php(72): Illuminate\\View\\Engines\\PhpEngine->evaluatePath()
#6 /var/www/html/kurikulumProgrammerPontekindo/Laravel/MyApp-CaraFajar/vendor/laravel/framework/src/Illuminate/View/View.php(195): Illuminate\\View\\Engines\\CompilerEngine->get()
#7 /var/www/html/kurikulumProgrammerPontekindo/Laravel/MyApp-CaraFajar/vendor/laravel/framework/src/Illuminate/View/View.php(178): Illuminate\\View\\View->getContents()
#8 /var/www/html/kurikulumProgrammerPontekindo/Laravel/MyApp-CaraFajar/vendor/laravel/framework/src/Illuminate/View/View.php(147): Illuminate\\View\\View->renderContents()
#9 /var/www/html/kurikulumProgrammerPontekindo/Laravel/MyApp-CaraFajar/vendor/laravel/framework/src/Illuminate/Http/Response.php(69): Illuminate\\View\\View->render()
#10 /var/www/html/kurikulumProgrammerPontekindo/Laravel/MyApp-CaraFajar/vendor/laravel/framework/src/Illuminate/Http/Response.php(35): Illuminate\\Http\\Response->setContent()
#11 /var/www/html/kurikulumProgrammerPontekindo/Laravel/MyApp-CaraFajar/vendor/laravel/framework/src/Illuminate/Routing/Router.php(911): Illuminate\\Http\\Response->__construct()
#12 /var/www/html/kurikulumProgrammerPontekindo/Laravel/MyApp-CaraFajar/vendor/laravel/framework/src/Illuminate/Routing/Router.php(878): Illuminate\\Routing\\Router::toResponse()
#13 /var/www/html/kurikulumProgrammerPontekindo/Laravel/MyApp-CaraFajar/vendor/laravel/framework/src/Illuminate/Routing/Router.php(798): Illuminate\\Routing\\Router->prepareResponse()
#14 /var/www/html/kurikulumProgrammerPontekindo/Laravel/MyApp-CaraFajar/vendor/laravel/framework/src/Illuminate/Pipeline/Pipeline.php(141): Illuminate\\Routing\\Router->Illuminate\\Routing\\{closure}()
#15 /var/www/html/kurikulumProgrammerPontekindo/Laravel/MyApp-CaraFajar/vendor/laravel/framework/src/Illuminate/Routing/Middleware/SubstituteBindings.php(50): Illuminate\\Pipeline\\Pipeline->Illuminate\\Pipeline\\{closure}()
#16 /var/www/html/kurikulumProgrammerPontekindo/Laravel/MyApp-CaraFajar/vendor/laravel/framework/src/Illuminate/Pipeline/Pipeline.php(180): Illuminate\\Routing\\Middleware\\SubstituteBindings->handle()
#17 /var/www/html/kurikulumProgrammerPontekindo/Laravel/MyApp-CaraFajar/vendor/laravel/framework/src/Illuminate/Foundation/Http/Middleware/VerifyCsrfToken.php(78): Illuminate\\Pipeline\\Pipeline->Illuminate\\Pipeline\\{closure}()
#18 /var/www/html/kurikulumProgrammerPontekindo/Laravel/MyApp-CaraFajar/vendor/laravel/framework/src/Illuminate/Pipeline/Pipeline.php(180): Illuminate\\Foundation\\Http\\Middleware\\VerifyCsrfToken->handle()
#19 /var/www/html/kurikulumProgrammerPontekindo/Laravel/MyApp-CaraFajar/vendor/laravel/framework/src/Illuminate/View/Middleware/ShareErrorsFromSession.php(49): Illuminate\\Pipeline\\Pipeline->Illuminate\\Pipeline\\{closure}()
#20 /var/www/html/kurikulumProgrammerPontekindo/Laravel/MyApp-CaraFajar/vendor/laravel/framework/src/Illuminate/Pipeline/Pipeline.php(180): Illuminate\\View\\Middleware\\ShareErrorsFromSession->handle()
#21 /var/www/html/kurikulumProgrammerPontekindo/Laravel/MyApp-CaraFajar/vendor/laravel/framework/src/Illuminate/Session/Middleware/StartSession.php(121): Illuminate\\Pipeline\\Pipeline->Illuminate\\Pipeline\\{closure}()
#22 /var/www/html/kurikulumProgrammerPontekindo/Laravel/MyApp-CaraFajar/vendor/laravel/framework/src/Illuminate/Session/Middleware/StartSession.php(64): Illuminate\\Session\\Middleware\\StartSession->handleStatefulRequest()
#23 /var/www/html/kurikulumProgrammerPontekindo/Laravel/MyApp-CaraFajar/vendor/laravel/framework/src/Illuminate/Pipeline/Pipeline.php(180): Illuminate\\Session\\Middleware\\StartSession->handle()
#24 /var/www/html/kurikulumProgrammerPontekindo/Laravel/MyApp-CaraFajar/vendor/laravel/framework/src/Illuminate/Cookie/Middleware/AddQueuedCookiesToResponse.php(37): Illuminate\\Pipeline\\Pipeline->Illuminate\\Pipeline\\{closure}()
#25 /var/www/html/kurikulumProgrammerPontekindo/Laravel/MyApp-CaraFajar/vendor/laravel/framework/src/Illuminate/Pipeline/Pipeline.php(180): Illuminate\\Cookie\\Middleware\\AddQueuedCookiesToResponse->handle()
#26 /var/www/html/kurikulumProgrammerPontekindo/Laravel/MyApp-CaraFajar/vendor/laravel/framework/src/Illuminate/Cookie/Middleware/EncryptCookies.php(67): Illuminate\\Pipeline\\Pipeline->Illuminate\\Pipeline\\{closure}()
#27 /var/www/html/kurikulumProgrammerPontekindo/Laravel/MyApp-CaraFajar/vendor/laravel/framework/src/Illuminate/Pipeline/Pipeline.php(180): Illuminate\\Cookie\\Middleware\\EncryptCookies->handle()
#28 /var/www/html/kurikulumProgrammerPontekindo/Laravel/MyApp-CaraFajar/vendor/laravel/framework/src/Illuminate/Pipeline/Pipeline.php(116): Illuminate\\Pipeline\\Pipeline->Illuminate\\Pipeline\\{closure}()
#29 /var/www/html/kurikulumProgrammerPontekindo/Laravel/MyApp-CaraFajar/vendor/laravel/framework/src/Illuminate/Routing/Router.php(798): Illuminate\\Pipeline\\Pipeline->then()
#30 /var/www/html/kurikulumProgrammerPontekindo/Laravel/MyApp-CaraFajar/vendor/laravel/framework/src/Illuminate/Routing/Router.php(777): Illuminate\\Routing\\Router->runRouteWithinStack()
#31 /var/www/html/kurikulumProgrammerPontekindo/Laravel/MyApp-CaraFajar/vendor/laravel/framework/src/Illuminate/Routing/Router.php(741): Illuminate\\Routing\\Router->runRoute()
#32 /var/www/html/kurikulumProgrammerPontekindo/Laravel/MyApp-CaraFajar/vendor/laravel/framework/src/Illuminate/Routing/Router.php(730): Illuminate\\Routing\\Router->dispatchToRoute()
#33 /var/www/html/kurikulumProgrammerPontekindo/Laravel/MyApp-CaraFajar/vendor/laravel/framework/src/Illuminate/Foundation/Http/Kernel.php(200): Illuminate\\Routing\\Router->dispatch()
#34 /var/www/html/kurikulumProgrammerPontekindo/Laravel/MyApp-CaraFajar/vendor/laravel/framework/src/Illuminate/Pipeline/Pipeline.php(141): Illuminate\\Foundation\\Http\\Kernel->Illuminate\\Foundation\\Http\\{closure}()
#35 /var/www/html/kurikulumProgrammerPontekindo/Laravel/MyApp-CaraFajar/vendor/laravel/framework/src/Illuminate/Foundation/Http/Middleware/TransformsRequest.php(21): Illuminate\\Pipeline\\Pipeline->Illuminate\\Pipeline\\{closure}()
#36 /var/www/html/kurikulumProgrammerPontekindo/Laravel/MyApp-CaraFajar/vendor/laravel/framework/src/Illuminate/Foundation/Http/Middleware/ConvertEmptyStringsToNull.php(31): Illuminate\\Foundation\\Http\\Middleware\\TransformsRequest->handle()
#37 /var/www/html/kurikulumProgrammerPontekindo/Laravel/MyApp-CaraFajar/vendor/laravel/framework/src/Illuminate/Pipeline/Pipeline.php(180): Illuminate\\Foundation\\Http\\Middleware\\ConvertEmptyStringsToNull->handle()
#38 /var/www/html/kurikulumProgrammerPontekindo/Laravel/MyApp-CaraFajar/vendor/laravel/framework/src/Illuminate/Foundation/Http/Middleware/TransformsRequest.php(21): Illuminate\\Pipeline\\Pipeline->Illuminate\\Pipeline\\{closure}()
#39 /var/www/html/kurikulumProgrammerPontekindo/Laravel/MyApp-CaraFajar/vendor/laravel/framework/src/Illuminate/Foundation/Http/Middleware/TrimStrings.php(40): Illuminate\\Foundation\\Http\\Middleware\\TransformsRequest->handle()
#40 /var/www/html/kurikulumProgrammerPontekindo/Laravel/MyApp-CaraFajar/vendor/laravel/framework/src/Illuminate/Pipeline/Pipeline.php(180): Illuminate\\Foundation\\Http\\Middleware\\TrimStrings->handle()
#41 /var/www/html/kurikulumProgrammerPontekindo/Laravel/MyApp-CaraFajar/vendor/laravel/framework/src/Illuminate/Foundation/Http/Middleware/ValidatePostSize.php(27): Illuminate\\Pipeline\\Pipeline->Illuminate\\Pipeline\\{closure}()
#42 /var/www/html/kurikulumProgrammerPontekindo/Laravel/MyApp-CaraFajar/vendor/laravel/framework/src/Illuminate/Pipeline/Pipeline.php(180): Illuminate\\Foundation\\Http\\Middleware\\ValidatePostSize->handle()
#43 /var/www/html/kurikulumProgrammerPontekindo/Laravel/MyApp-CaraFajar/vendor/laravel/framework/src/Illuminate/Foundation/Http/Middleware/PreventRequestsDuringMaintenance.php(99): Illuminate\\Pipeline\\Pipeline->Illuminate\\Pipeline\\{closure}()
#44 /var/www/html/kurikulumProgrammerPontekindo/Laravel/MyApp-CaraFajar/vendor/laravel/framework/src/Illuminate/Pipeline/Pipeline.php(180): Illuminate\\Foundation\\Http\\Middleware\\PreventRequestsDuringMaintenance->handle()
#45 /var/www/html/kurikulumProgrammerPontekindo/Laravel/MyApp-CaraFajar/vendor/laravel/framework/src/Illuminate/Http/Middleware/HandleCors.php(49): Illuminate\\Pipeline\\Pipeline->Illuminate\\Pipeline\\{closure}()
#46 /var/www/html/kurikulumProgrammerPontekindo/Laravel/MyApp-CaraFajar/vendor/laravel/framework/src/Illuminate/Pipeline/Pipeline.php(180): Illuminate\\Http\\Middleware\\HandleCors->handle()
#47 /var/www/html/kurikulumProgrammerPontekindo/Laravel/MyApp-CaraFajar/vendor/laravel/framework/src/Illuminate/Http/Middleware/TrustProxies.php(39): Illuminate\\Pipeline\\Pipeline->Illuminate\\Pipeline\\{closure}()
#48 /var/www/html/kurikulumProgrammerPontekindo/Laravel/MyApp-CaraFajar/vendor/laravel/framework/src/Illuminate/Pipeline/Pipeline.php(180): Illuminate\\Http\\Middleware\\TrustProxies->handle()
#49 /var/www/html/kurikulumProgrammerPontekindo/Laravel/MyApp-CaraFajar/vendor/laravel/framework/src/Illuminate/Pipeline/Pipeline.php(116): Illuminate\\Pipeline\\Pipeline->Illuminate\\Pipeline\\{closure}()
#50 /var/www/html/kurikulumProgrammerPontekindo/Laravel/MyApp-CaraFajar/vendor/laravel/framework/src/Illuminate/Foundation/Http/Kernel.php(175): Illuminate\\Pipeline\\Pipeline->then()
#51 /var/www/html/kurikulumProgrammerPontekindo/Laravel/MyApp-CaraFajar/vendor/laravel/framework/src/Illuminate/Foundation/Http/Kernel.php(144): Illuminate\\Foundation\\Http\\Kernel->sendRequestThroughRouter()
#52 /var/www/html/kurikulumProgrammerPontekindo/Laravel/MyApp-CaraFajar/public/index.php(51): Illuminate\\Foundation\\Http\\Kernel->handle()
#53 /var/www/html/kurikulumProgrammerPontekindo/Laravel/MyApp-CaraFajar/vendor/laravel/framework/src/Illuminate/Foundation/resources/server.php(16): require_once('...')
#54 {main}

[previous exception] [object] (ErrorException(code: 0): Undefined variable $name at /var/www/html/kurikulumProgrammerPontekindo/Laravel/MyApp-CaraFajar/storage/framework/views/96e985b5219fa78ea06bc3252b9b6820.php:10)
[stacktrace]
#0 /var/www/html/kurikulumProgrammerPontekindo/Laravel/MyApp-CaraFajar/vendor/laravel/framework/src/Illuminate/Foundation/Bootstrap/HandleExceptions.php(254): Illuminate\\Foundation\\Bootstrap\\HandleExceptions->handleError()
#1 /var/www/html/kurikulumProgrammerPontekindo/Laravel/MyApp-CaraFajar/storage/framework/views/96e985b5219fa78ea06bc3252b9b6820.php(10): Illuminate\\Foundation\\Bootstrap\\HandleExceptions->Illuminate\\Foundation\\Bootstrap\\{closure}()
#2 /var/www/html/kurikulumProgrammerPontekindo/Laravel/MyApp-CaraFajar/vendor/laravel/framework/src/Illuminate/Filesystem/Filesystem.php(124): require('...')
#3 /var/www/html/kurikulumProgrammerPontekindo/Laravel/MyApp-CaraFajar/vendor/laravel/framework/src/Illuminate/Filesystem/Filesystem.php(125): Illuminate\\Filesystem\\Filesystem::Illuminate\\Filesystem\\{closure}()
#4 /var/www/html/kurikulumProgrammerPontekindo/Laravel/MyApp-CaraFajar/vendor/laravel/framework/src/Illuminate/View/Engines/PhpEngine.php(58): Illuminate\\Filesystem\\Filesystem->getRequire()
#5 /var/www/html/kurikulumProgrammerPontekindo/Laravel/MyApp-CaraFajar/vendor/laravel/framework/src/Illuminate/View/Engines/CompilerEngine.php(72): Illuminate\\View\\Engines\\PhpEngine->evaluatePath()
#6 /var/www/html/kurikulumProgrammerPontekindo/Laravel/MyApp-CaraFajar/vendor/laravel/framework/src/Illuminate/View/View.php(195): Illuminate\\View\\Engines\\CompilerEngine->get()
#7 /var/www/html/kurikulumProgrammerPontekindo/Laravel/MyApp-CaraFajar/vendor/laravel/framework/src/Illuminate/View/View.php(178): Illuminate\\View\\View->getContents()
#8 /var/www/html/kurikulumProgrammerPontekindo/Laravel/MyApp-CaraFajar/vendor/laravel/framework/src/Illuminate/View/View.php(147): Illuminate\\View\\View->renderContents()
#9 /var/www/html/kurikulumProgrammerPontekindo/Laravel/MyApp-CaraFajar/vendor/laravel/framework/src/Illuminate/Http/Response.php(69): Illuminate\\View\\View->render()
#10 /var/www/html/kurikulumProgrammerPontekindo/Laravel/MyApp-CaraFajar/vendor/laravel/framework/src/Illuminate/Http/Response.php(35): Illuminate\\Http\\Response->setContent()
#11 /var/www/html/kurikulumProgrammerPontekindo/Laravel/MyApp-CaraFajar/vendor/laravel/framework/src/Illuminate/Routing/Router.php(911): Illuminate\\Http\\Response->__construct()
#12 /var/www/html/kurikulumProgrammerPontekindo/Laravel/MyApp-CaraFajar/vendor/laravel/framework/src/Illuminate/Routing/Router.php(878): Illuminate\\Routing\\Router::toResponse()
#13 /var/www/html/kurikulumProgrammerPontekindo/Laravel/MyApp-CaraFajar/vendor/laravel/framework/src/Illuminate/Routing/Router.php(798): Illuminate\\Routing\\Router->prepareResponse()
#14 /var/www/html/kurikulumProgrammerPontekindo/Laravel/MyApp-CaraFajar/vendor/laravel/framework/src/Illuminate/Pipeline/Pipeline.php(141): Illuminate\\Routing\\Router->Illuminate\\Routing\\{closure}()
#15 /var/www/html/kurikulumProgrammerPontekindo/Laravel/MyApp-CaraFajar/vendor/laravel/framework/src/Illuminate/Routing/Middleware/SubstituteBindings.php(50): Illuminate\\Pipeline\\Pipeline->Illuminate\\Pipeline\\{closure}()
#16 /var/www/html/kurikulumProgrammerPontekindo/Laravel/MyApp-CaraFajar/vendor/laravel/framework/src/Illuminate/Pipeline/Pipeline.php(180): Illuminate\\Routing\\Middleware\\SubstituteBindings->handle()
#17 /var/www/html/kurikulumProgrammerPontekindo/Laravel/MyApp-CaraFajar/vendor/laravel/framework/src/Illuminate/Foundation/Http/Middleware/VerifyCsrfToken.php(78): Illuminate\\Pipeline\\Pipeline->Illuminate\\Pipeline\\{closure}()
#18 /var/www/html/kurikulumProgrammerPontekindo/Laravel/MyApp-CaraFajar/vendor/laravel/framework/src/Illuminate/Pipeline/Pipeline.php(180): Illuminate\\Foundation\\Http\\Middleware\\VerifyCsrfToken->handle()
#19 /var/www/html/kurikulumProgrammerPontekindo/Laravel/MyApp-CaraFajar/vendor/laravel/framework/src/Illuminate/View/Middleware/ShareErrorsFromSession.php(49): Illuminate\\Pipeline\\Pipeline->Illuminate\\Pipeline\\{closure}()
#20 /var/www/html/kurikulumProgrammerPontekindo/Laravel/MyApp-CaraFajar/vendor/laravel/framework/src/Illuminate/Pipeline/Pipeline.php(180): Illuminate\\View\\Middleware\\ShareErrorsFromSession->handle()
#21 /var/www/html/kurikulumProgrammerPontekindo/Laravel/MyApp-CaraFajar/vendor/laravel/framework/src/Illuminate/Session/Middleware/StartSession.php(121): Illuminate\\Pipeline\\Pipeline->Illuminate\\Pipeline\\{closure}()
#22 /var/www/html/kurikulumProgrammerPontekindo/Laravel/MyApp-CaraFajar/vendor/laravel/framework/src/Illuminate/Session/Middleware/StartSession.php(64): Illuminate\\Session\\Middleware\\StartSession->handleStatefulRequest()
#23 /var/www/html/kurikulumProgrammerPontekindo/Laravel/MyApp-CaraFajar/vendor/laravel/framework/src/Illuminate/Pipeline/Pipeline.php(180): Illuminate\\Session\\Middleware\\StartSession->handle()
#24 /var/www/html/kurikulumProgrammerPontekindo/Laravel/MyApp-CaraFajar/vendor/laravel/framework/src/Illuminate/Cookie/Middleware/AddQueuedCookiesToResponse.php(37): Illuminate\\Pipeline\\Pipeline->Illuminate\\Pipeline\\{closure}()
#25 /var/www/html/kurikulumProgrammerPontekindo/Laravel/MyApp-CaraFajar/vendor/laravel/framework/src/Illuminate/Pipeline/Pipeline.php(180): Illuminate\\Cookie\\Middleware\\AddQueuedCookiesToResponse->handle()
#26 /var/www/html/kurikulumProgrammerPontekindo/Laravel/MyApp-CaraFajar/vendor/laravel/framework/src/Illuminate/Cookie/Middleware/EncryptCookies.php(67): Illuminate\\Pipeline\\Pipeline->Illuminate\\Pipeline\\{closure}()
#27 /var/www/html/kurikulumProgrammerPontekindo/Laravel/MyApp-CaraFajar/vendor/laravel/framework/src/Illuminate/Pipeline/Pipeline.php(180): Illuminate\\Cookie\\Middleware\\EncryptCookies->handle()
#28 /var/www/html/kurikulumProgrammerPontekindo/Laravel/MyApp-CaraFajar/vendor/laravel/framework/src/Illuminate/Pipeline/Pipeline.php(116): Illuminate\\Pipeline\\Pipeline->Illuminate\\Pipeline\\{closure}()
#29 /var/www/html/kurikulumProgrammerPontekindo/Laravel/MyApp-CaraFajar/vendor/laravel/framework/src/Illuminate/Routing/Router.php(798): Illuminate\\Pipeline\\Pipeline->then()
#30 /var/www/html/kurikulumProgrammerPontekindo/Laravel/MyApp-CaraFajar/vendor/laravel/framework/src/Illuminate/Routing/Router.php(777): Illuminate\\Routing\\Router->runRouteWithinStack()
#31 /var/www/html/kurikulumProgrammerPontekindo/Laravel/MyApp-CaraFajar/vendor/laravel/framework/src/Illuminate/Routing/Router.php(741): Illuminate\\Routing\\Router->runRoute()
#32 /var/www/html/kurikulumProgrammerPontekindo/Laravel/MyApp-CaraFajar/vendor/laravel/framework/src/Illuminate/Routing/Router.php(730): Illuminate\\Routing\\Router->dispatchToRoute()
#33 /var/www/html/kurikulumProgrammerPontekindo/Laravel/MyApp-CaraFajar/vendor/laravel/framework/src/Illuminate/Foundation/Http/Kernel.php(200): Illuminate\\Routing\\Router->dispatch()
#34 /var/www/html/kurikulumProgrammerPontekindo/Laravel/MyApp-CaraFajar/vendor/laravel/framework/src/Illuminate/Pipeline/Pipeline.php(141): Illuminate\\Foundation\\Http\\Kernel->Illuminate\\Foundation\\Http\\{closure}()
#35 /var/www/html/kurikulumProgrammerPontekindo/Laravel/MyApp-CaraFajar/vendor/laravel/framework/src/Illuminate/Foundation/Http/Middleware/TransformsRequest.php(21): Illuminate\\Pipeline\\Pipeline->Illuminate\\Pipeline\\{closure}()
#36 /var/www/html/kurikulumProgrammerPontekindo/Laravel/MyApp-CaraFajar/vendor/laravel/framework/src/Illuminate/Foundation/Http/Middleware/ConvertEmptyStringsToNull.php(31): Illuminate\\Foundation\\Http\\Middleware\\TransformsRequest->handle()
#37 /var/www/html/kurikulumProgrammerPontekindo/Laravel/MyApp-CaraFajar/vendor/laravel/framework/src/Illuminate/Pipeline/Pipeline.php(180): Illuminate\\Foundation\\Http\\Middleware\\ConvertEmptyStringsToNull->handle()
#38 /var/www/html/kurikulumProgrammerPontekindo/Laravel/MyApp-CaraFajar/vendor/laravel/framework/src/Illuminate/Foundation/Http/Middleware/TransformsRequest.php(21): Illuminate\\Pipeline\\Pipeline->Illuminate\\Pipeline\\{closure}()
#39 /var/www/html/kurikulumProgrammerPontekindo/Laravel/MyApp-CaraFajar/vendor/laravel/framework/src/Illuminate/Foundation/Http/Middleware/TrimStrings.php(40): Illuminate\\Foundation\\Http\\Middleware\\TransformsRequest->handle()
#40 /var/www/html/kurikulumProgrammerPontekindo/Laravel/MyApp-CaraFajar/vendor/laravel/framework/src/Illuminate/Pipeline/Pipeline.php(180): Illuminate\\Foundation\\Http\\Middleware\\TrimStrings->handle()
#41 /var/www/html/kurikulumProgrammerPontekindo/Laravel/MyApp-CaraFajar/vendor/laravel/framework/src/Illuminate/Foundation/Http/Middleware/ValidatePostSize.php(27): Illuminate\\Pipeline\\Pipeline->Illuminate\\Pipeline\\{closure}()
#42 /var/www/html/kurikulumProgrammerPontekindo/Laravel/MyApp-CaraFajar/vendor/laravel/framework/src/Illuminate/Pipeline/Pipeline.php(180): Illuminate\\Foundation\\Http\\Middleware\\ValidatePostSize->handle()
#43 /var/www/html/kurikulumProgrammerPontekindo/Laravel/MyApp-CaraFajar/vendor/laravel/framework/src/Illuminate/Foundation/Http/Middleware/PreventRequestsDuringMaintenance.php(99): Illuminate\\Pipeline\\Pipeline->Illuminate\\Pipeline\\{closure}()
#44 /var/www/html/kurikulumProgrammerPontekindo/Laravel/MyApp-CaraFajar/vendor/laravel/framework/src/Illuminate/Pipeline/Pipeline.php(180): Illuminate\\Foundation\\Http\\Middleware\\PreventRequestsDuringMaintenance->handle()
#45 /var/www/html/kurikulumProgrammerPontekindo/Laravel/MyApp-CaraFajar/vendor/laravel/framework/src/Illuminate/Http/Middleware/HandleCors.php(49): Illuminate\\Pipeline\\Pipeline->Illuminate\\Pipeline\\{closure}()
#46 /var/www/html/kurikulumProgrammerPontekindo/Laravel/MyApp-CaraFajar/vendor/laravel/framework/src/Illuminate/Pipeline/Pipeline.php(180): Illuminate\\Http\\Middleware\\HandleCors->handle()
#47 /var/www/html/kurikulumProgrammerPontekindo/Laravel/MyApp-CaraFajar/vendor/laravel/framework/src/Illuminate/Http/Middleware/TrustProxies.php(39): Illuminate\\Pipeline\\Pipeline->Illuminate\\Pipeline\\{closure}()
#48 /var/www/html/kurikulumProgrammerPontekindo/Laravel/MyApp-CaraFajar/vendor/laravel/framework/src/Illuminate/Pipeline/Pipeline.php(180): Illuminate\\Http\\Middleware\\TrustProxies->handle()
#49 /var/www/html/kurikulumProgrammerPontekindo/Laravel/MyApp-CaraFajar/vendor/laravel/framework/src/Illuminate/Pipeline/Pipeline.php(116): Illuminate\\Pipeline\\Pipeline->Illuminate\\Pipeline\\{closure}()
#50 /var/www/html/kurikulumProgrammerPontekindo/Laravel/MyApp-CaraFajar/vendor/laravel/framework/src/Illuminate/Foundation/Http/Kernel.php(175): Illuminate\\Pipeline\\Pipeline->then()
#51 /var/www/html/kurikulumProgrammerPontekindo/Laravel/MyApp-CaraFajar/vendor/laravel/framework/src/Illuminate/Foundation/Http/Kernel.php(144): Illuminate\\Foundation\\Http\\Kernel->sendRequestThroughRouter()
#52 /var/www/html/kurikulumProgrammerPontekindo/Laravel/MyApp-CaraFajar/public/index.php(51): Illuminate\\Foundation\\Http\\Kernel->handle()
#53 /var/www/html/kurikulumProgrammerPontekindo/Laravel/MyApp-CaraFajar/vendor/laravel/framework/src/Illuminate/Foundation/resources/server.php(16): require_once('...')
#54 {main}
"} 
[2023-10-11 07:01:26] local.ERROR: View [product.detail] not found. {"exception":"[object] (InvalidArgumentException(code: 0): View [product.detail] not found. at /var/www/html/kurikulumProgrammerPontekindo/Laravel/MyApp-CaraFajar/vendor/laravel/framework/src/Illuminate/View/FileViewFinder.php:137)
[stacktrace]
#0 /var/www/html/kurikulumProgrammerPontekindo/Laravel/MyApp-CaraFajar/vendor/laravel/framework/src/Illuminate/View/FileViewFinder.php(79): Illuminate\\View\\FileViewFinder->findInPaths()
#1 /var/www/html/kurikulumProgrammerPontekindo/Laravel/MyApp-CaraFajar/vendor/laravel/framework/src/Illuminate/View/Factory.php(137): Illuminate\\View\\FileViewFinder->find()
#2 /var/www/html/kurikulumProgrammerPontekindo/Laravel/MyApp-CaraFajar/vendor/laravel/framework/src/Illuminate/Foundation/helpers.php(1020): Illuminate\\View\\Factory->make()
#3 /var/www/html/kurikulumProgrammerPontekindo/Laravel/MyApp-CaraFajar/routes/web.php(48): view()
#4 /var/www/html/kurikulumProgrammerPontekindo/Laravel/MyApp-CaraFajar/vendor/laravel/framework/src/Illuminate/Routing/CallableDispatcher.php(40): Illuminate\\Routing\\RouteFileRegistrar->{closure}()
#5 /var/www/html/kurikulumProgrammerPontekindo/Laravel/MyApp-CaraFajar/vendor/laravel/framework/src/Illuminate/Routing/Route.php(237): Illuminate\\Routing\\CallableDispatcher->dispatch()
#6 /var/www/html/kurikulumProgrammerPontekindo/Laravel/MyApp-CaraFajar/vendor/laravel/framework/src/Illuminate/Routing/Route.php(208): Illuminate\\Routing\\Route->runCallable()
#7 /var/www/html/kurikulumProgrammerPontekindo/Laravel/MyApp-CaraFajar/vendor/laravel/framework/src/Illuminate/Routing/Router.php(799): Illuminate\\Routing\\Route->run()
#8 /var/www/html/kurikulumProgrammerPontekindo/Laravel/MyApp-CaraFajar/vendor/laravel/framework/src/Illuminate/Pipeline/Pipeline.php(141): Illuminate\\Routing\\Router->Illuminate\\Routing\\{closure}()
#9 /var/www/html/kurikulumProgrammerPontekindo/Laravel/MyApp-CaraFajar/vendor/laravel/framework/src/Illuminate/Routing/Middleware/SubstituteBindings.php(50): Illuminate\\Pipeline\\Pipeline->Illuminate\\Pipeline\\{closure}()
#10 /var/www/html/kurikulumProgrammerPontekindo/Laravel/MyApp-CaraFajar/vendor/laravel/framework/src/Illuminate/Pipeline/Pipeline.php(180): Illuminate\\Routing\\Middleware\\SubstituteBindings->handle()
#11 /var/www/html/kurikulumProgrammerPontekindo/Laravel/MyApp-CaraFajar/vendor/laravel/framework/src/Illuminate/Foundation/Http/Middleware/VerifyCsrfToken.php(78): Illuminate\\Pipeline\\Pipeline->Illuminate\\Pipeline\\{closure}()
#12 /var/www/html/kurikulumProgrammerPontekindo/Laravel/MyApp-CaraFajar/vendor/laravel/framework/src/Illuminate/Pipeline/Pipeline.php(180): Illuminate\\Foundation\\Http\\Middleware\\VerifyCsrfToken->handle()
#13 /var/www/html/kurikulumProgrammerPontekindo/Laravel/MyApp-CaraFajar/vendor/laravel/framework/src/Illuminate/View/Middleware/ShareErrorsFromSession.php(49): Illuminate\\Pipeline\\Pipeline->Illuminate\\Pipeline\\{closure}()
#14 /var/www/html/kurikulumProgrammerPontekindo/Laravel/MyApp-CaraFajar/vendor/laravel/framework/src/Illuminate/Pipeline/Pipeline.php(180): Illuminate\\View\\Middleware\\ShareErrorsFromSession->handle()
#15 /var/www/html/kurikulumProgrammerPontekindo/Laravel/MyApp-CaraFajar/vendor/laravel/framework/src/Illuminate/Session/Middleware/StartSession.php(121): Illuminate\\Pipeline\\Pipeline->Illuminate\\Pipeline\\{closure}()
#16 /var/www/html/kurikulumProgrammerPontekindo/Laravel/MyApp-CaraFajar/vendor/laravel/framework/src/Illuminate/Session/Middleware/StartSession.php(64): Illuminate\\Session\\Middleware\\StartSession->handleStatefulRequest()
#17 /var/www/html/kurikulumProgrammerPontekindo/Laravel/MyApp-CaraFajar/vendor/laravel/framework/src/Illuminate/Pipeline/Pipeline.php(180): Illuminate\\Session\\Middleware\\StartSession->handle()
#18 /var/www/html/kurikulumProgrammerPontekindo/Laravel/MyApp-CaraFajar/vendor/laravel/framework/src/Illuminate/Cookie/Middleware/AddQueuedCookiesToResponse.php(37): Illuminate\\Pipeline\\Pipeline->Illuminate\\Pipeline\\{closure}()
#19 /var/www/html/kurikulumProgrammerPontekindo/Laravel/MyApp-CaraFajar/vendor/laravel/framework/src/Illuminate/Pipeline/Pipeline.php(180): Illuminate\\Cookie\\Middleware\\AddQueuedCookiesToResponse->handle()
#20 /var/www/html/kurikulumProgrammerPontekindo/Laravel/MyApp-CaraFajar/vendor/laravel/framework/src/Illuminate/Cookie/Middleware/EncryptCookies.php(67): Illuminate\\Pipeline\\Pipeline->Illuminate\\Pipeline\\{closure}()
#21 /var/www/html/kurikulumProgrammerPontekindo/Laravel/MyApp-CaraFajar/vendor/laravel/framework/src/Illuminate/Pipeline/Pipeline.php(180): Illuminate\\Cookie\\Middleware\\EncryptCookies->handle()
#22 /var/www/html/kurikulumProgrammerPontekindo/Laravel/MyApp-CaraFajar/vendor/laravel/framework/src/Illuminate/Pipeline/Pipeline.php(116): Illuminate\\Pipeline\\Pipeline->Illuminate\\Pipeline\\{closure}()
#23 /var/www/html/kurikulumProgrammerPontekindo/Laravel/MyApp-CaraFajar/vendor/laravel/framework/src/Illuminate/Routing/Router.php(798): Illuminate\\Pipeline\\Pipeline->then()
#24 /var/www/html/kurikulumProgrammerPontekindo/Laravel/MyApp-CaraFajar/vendor/laravel/framework/src/Illuminate/Routing/Router.php(777): Illuminate\\Routing\\Router->runRouteWithinStack()
#25 /var/www/html/kurikulumProgrammerPontekindo/Laravel/MyApp-CaraFajar/vendor/laravel/framework/src/Illuminate/Routing/Router.php(741): Illuminate\\Routing\\Router->runRoute()
#26 /var/www/html/kurikulumProgrammerPontekindo/Laravel/MyApp-CaraFajar/vendor/laravel/framework/src/Illuminate/Routing/Router.php(730): Illuminate\\Routing\\Router->dispatchToRoute()
#27 /var/www/html/kurikulumProgrammerPontekindo/Laravel/MyApp-CaraFajar/vendor/laravel/framework/src/Illuminate/Foundation/Http/Kernel.php(200): Illuminate\\Routing\\Router->dispatch()
#28 /var/www/html/kurikulumProgrammerPontekindo/Laravel/MyApp-CaraFajar/vendor/laravel/framework/src/Illuminate/Pipeline/Pipeline.php(141): Illuminate\\Foundation\\Http\\Kernel->Illuminate\\Foundation\\Http\\{closure}()
#29 /var/www/html/kurikulumProgrammerPontekindo/Laravel/MyApp-CaraFajar/vendor/laravel/framework/src/Illuminate/Foundation/Http/Middleware/TransformsRequest.php(21): Illuminate\\Pipeline\\Pipeline->Illuminate\\Pipeline\\{closure}()
#30 /var/www/html/kurikulumProgrammerPontekindo/Laravel/MyApp-CaraFajar/vendor/laravel/framework/src/Illuminate/Foundation/Http/Middleware/ConvertEmptyStringsToNull.php(31): Illuminate\\Foundation\\Http\\Middleware\\TransformsRequest->handle()
#31 /var/www/html/kurikulumProgrammerPontekindo/Laravel/MyApp-CaraFajar/vendor/laravel/framework/src/Illuminate/Pipeline/Pipeline.php(180): Illuminate\\Foundation\\Http\\Middleware\\ConvertEmptyStringsToNull->handle()
#32 /var/www/html/kurikulumProgrammerPontekindo/Laravel/MyApp-CaraFajar/vendor/laravel/framework/src/Illuminate/Foundation/Http/Middleware/TransformsRequest.php(21): Illuminate\\Pipeline\\Pipeline->Illuminate\\Pipeline\\{closure}()
#33 /var/www/html/kurikulumProgrammerPontekindo/Laravel/MyApp-CaraFajar/vendor/laravel/framework/src/Illuminate/Foundation/Http/Middleware/TrimStrings.php(40): Illuminate\\Foundation\\Http\\Middleware\\TransformsRequest->handle()
#34 /var/www/html/kurikulumProgrammerPontekindo/Laravel/MyApp-CaraFajar/vendor/laravel/framework/src/Illuminate/Pipeline/Pipeline.php(180): Illuminate\\Foundation\\Http\\Middleware\\TrimStrings->handle()
#35 /var/www/html/kurikulumProgrammerPontekindo/Laravel/MyApp-CaraFajar/vendor/laravel/framework/src/Illuminate/Foundation/Http/Middleware/ValidatePostSize.php(27): Illuminate\\Pipeline\\Pipeline->Illuminate\\Pipeline\\{closure}()
#36 /var/www/html/kurikulumProgrammerPontekindo/Laravel/MyApp-CaraFajar/vendor/laravel/framework/src/Illuminate/Pipeline/Pipeline.php(180): Illuminate\\Foundation\\Http\\Middleware\\ValidatePostSize->handle()
#37 /var/www/html/kurikulumProgrammerPontekindo/Laravel/MyApp-CaraFajar/vendor/laravel/framework/src/Illuminate/Foundation/Http/Middleware/PreventRequestsDuringMaintenance.php(99): Illuminate\\Pipeline\\Pipeline->Illuminate\\Pipeline\\{closure}()
#38 /var/www/html/kurikulumProgrammerPontekindo/Laravel/MyApp-CaraFajar/vendor/laravel/framework/src/Illuminate/Pipeline/Pipeline.php(180): Illuminate\\Foundation\\Http\\Middleware\\PreventRequestsDuringMaintenance->handle()
#39 /var/www/html/kurikulumProgrammerPontekindo/Laravel/MyApp-CaraFajar/vendor/laravel/framework/src/Illuminate/Http/Middleware/HandleCors.php(49): Illuminate\\Pipeline\\Pipeline->Illuminate\\Pipeline\\{closure}()
#40 /var/www/html/kurikulumProgrammerPontekindo/Laravel/MyApp-CaraFajar/vendor/laravel/framework/src/Illuminate/Pipeline/Pipeline.php(180): Illuminate\\Http\\Middleware\\HandleCors->handle()
#41 /var/www/html/kurikulumProgrammerPontekindo/Laravel/MyApp-CaraFajar/vendor/laravel/framework/src/Illuminate/Http/Middleware/TrustProxies.php(39): Illuminate\\Pipeline\\Pipeline->Illuminate\\Pipeline\\{closure}()
#42 /var/www/html/kurikulumProgrammerPontekindo/Laravel/MyApp-CaraFajar/vendor/laravel/framework/src/Illuminate/Pipeline/Pipeline.php(180): Illuminate\\Http\\Middleware\\TrustProxies->handle()
#43 /var/www/html/kurikulumProgrammerPontekindo/Laravel/MyApp-CaraFajar/vendor/laravel/framework/src/Illuminate/Pipeline/Pipeline.php(116): Illuminate\\Pipeline\\Pipeline->Illuminate\\Pipeline\\{closure}()
#44 /var/www/html/kurikulumProgrammerPontekindo/Laravel/MyApp-CaraFajar/vendor/laravel/framework/src/Illuminate/Foundation/Http/Kernel.php(175): Illuminate\\Pipeline\\Pipeline->then()
#45 /var/www/html/kurikulumProgrammerPontekindo/Laravel/MyApp-CaraFajar/vendor/laravel/framework/src/Illuminate/Foundation/Http/Kernel.php(144): Illuminate\\Foundation\\Http\\Kernel->sendRequestThroughRouter()
#46 /var/www/html/kurikulumProgrammerPontekindo/Laravel/MyApp-CaraFajar/public/index.php(51): Illuminate\\Foundation\\Http\\Kernel->handle()
#47 /var/www/html/kurikulumProgrammerPontekindo/Laravel/MyApp-CaraFajar/vendor/laravel/framework/src/Illuminate/Foundation/resources/server.php(16): require_once('...')
#48 {main}
"} 
